08-10-20 06:40:552:1G:lag
08-10-20 06:40:77:1G:fixKeyLength
08-10-20 07:10:526:19.0G:fixKeyLength
08-10-20 07:10:684:19.0G:lag
08-10-20 07:10:398:19.0G:fixKeyLength
08-10-20 07:10:562:19.0G:lag
11-10-20 09:29:879:19.0G:fixKeyLength
11-10-20 09:29:44:19.0G:lag
14-10-20 11:31:605:20.0G:lag
14-10-20 11:31:110:20.0G:fixKeyLength
14-10-20 11:32:686:20.0G:lag
14-10-20 11:32:191:20.0G:fixKeyLength
14-10-20 14:05:514:20.0G:lag
14-10-20 14:05:19:20.0G:fixKeyLength
24-10-20 10:35:359:20.00G:lag
24-10-20 10:35:865:20.00G:fixKeyLength
24-10-20 10:43:169:20.00G:lag
24-10-20 10:43:674:20.00G:fixKeyLength
08-11-20 06:07:858:20.00G:lag
08-11-20 06:07:863:20.00G:fixKeyLength
08-11-20 06:08:279:20.00G:fixKeyLength
08-11-20 06:08:435:19.00G:lag
08-11-20 06:12:299:19.00G:lag
08-11-20 06:12:305:19.00G:fixKeyLength
08-11-20 06:45:304:20.00G:lag
08-11-20 06:45:309:20.00G:fixKeyLength
03-12-20 13:39:171:19.00G:fixKeyLength
03-12-20 13:39:354:19.00G:lag
03-12-20 13:47:849:19.00G:lag
03-12-20 13:47:855:19.00G:fixKeyLength
03-12-20 13:54:57:19.00G:NOTICE: THIS FUNCTION WILL RUN THE CONSUMER AND REPORT [A|B|C|D|E|F]
03-12-20 13:54:162:19.00G:Reestablishing cloud AMQP connection [E|F|G]
03-12-20 13:54:201:19.00G:Start process()
03-12-20 13:54:201:19.00G:Reestablishing cloud AMQP connection [E|F|G]
03-12-20 13:55:305:19.00G:Reestablishing cloud AMQP connection [E|F|G]
03-12-20 13:55:307:19.00G:Start process()
03-12-20 13:55:308:19.00G:Reestablishing cloud AMQP connection [E|F|G]
03-12-20 13:55:411:19.00G:Reestablishing cloud AMQP connection [E|F|G]
03-12-20 13:55:413:19.00G:Start process()
03-12-20 13:55:414:19.00G:Reestablishing cloud AMQP connection [E|F|G]
03-12-20 13:56:518:19.00G:Reestablishing cloud AMQP connection [E|F|G]
03-12-20 13:56:520:19.00G:Start process()
03-12-20 13:56:520:19.00G:Reestablishing cloud AMQP connection [E|F|G]
03-12-20 13:56:623:19.00G:Reestablishing cloud AMQP connection [E|F|G]
03-12-20 13:56:625:19.00G:Start process()
03-12-20 13:56:625:19.00G:Reestablishing cloud AMQP connection [E|F|G]
03-12-20 13:57:728:19.00G:Reestablishing cloud AMQP connection [E|F|G]
03-12-20 13:57:731:19.00G:Start process()
03-12-20 13:57:732:19.00G:Reestablishing cloud AMQP connection [E|F|G]
03-12-20 13:57:835:19.00G:Reestablishing cloud AMQP connection [E|F|G]
03-12-20 13:57:837:19.00G:Start process()
03-12-20 13:57:838:19.00G:Reestablishing cloud AMQP connection [E|F|G]
03-12-20 13:58:940:19.00G:Reestablishing cloud AMQP connection [E|F|G]
03-12-20 13:58:942:19.00G:Start process()
03-12-20 13:58:942:19.00G:Reestablishing cloud AMQP connection [E|F|G]
03-12-20 13:58:45:19.00G:Reestablishing cloud AMQP connection [E|F|G]
03-12-20 13:58:47:19.00G:Start process()
03-12-20 13:58:47:19.00G:Reestablishing cloud AMQP connection [E|F|G]
03-12-20 13:59:151:19.00G:Reestablishing cloud AMQP connection [E|F|G]
03-12-20 13:59:153:19.00G:Start process()
03-12-20 13:59:153:19.00G:Reestablishing cloud AMQP connection [E|F|G]
03-12-20 13:59:256:19.00G:Reestablishing cloud AMQP connection [E|F|G]
03-12-20 13:59:258:19.00G:Start process()
03-12-20 13:59:258:19.00G:Reestablishing cloud AMQP connection [E|F|G]
03-12-20 14:00:362:19.00G:Reestablishing cloud AMQP connection [E|F|G]
03-12-20 14:00:364:19.00G:Start process()
03-12-20 14:00:364:19.00G:Reestablishing cloud AMQP connection [E|F|G]
03-12-20 14:00:466:19.00G:Reestablishing cloud AMQP connection [E|F|G]
03-12-20 14:00:468:19.00G:Start process()
03-12-20 14:00:468:19.00G:Reestablishing cloud AMQP connection [E|F|G]
03-12-20 14:01:570:19.00G:Reestablishing cloud AMQP connection [E|F|G]
03-12-20 14:01:572:19.00G:Start process()
03-12-20 14:01:572:19.00G:Reestablishing cloud AMQP connection [E|F|G]
03-12-20 14:01:675:19.00G:Reestablishing cloud AMQP connection [E|F|G]
03-12-20 14:01:677:19.00G:Start process()
03-12-20 14:01:677:19.00G:Reestablishing cloud AMQP connection [E|F|G]
03-12-20 14:01:517:19.00G:fixKeyLength
03-12-20 14:01:711:19.00G:lag
03-12-20 14:02:778:19.00G:Reestablishing cloud AMQP connection [E|F|G]
03-12-20 14:02:780:19.00G:Start process()
03-12-20 14:02:780:19.00G:Reestablishing cloud AMQP connection [E|F|G]
03-12-20 14:02:883:19.00G:Reestablishing cloud AMQP connection [E|F|G]
03-12-20 14:02:885:19.00G:Start process()
03-12-20 14:02:885:19.00G:Reestablishing cloud AMQP connection [E|F|G]
03-12-20 14:03:987:19.00G:Reestablishing cloud AMQP connection [E|F|G]
03-12-20 14:03:989:19.00G:Start process()
03-12-20 14:03:989:19.00G:Reestablishing cloud AMQP connection [E|F|G]
03-12-20 14:03:92:19.00G:Reestablishing cloud AMQP connection [E|F|G]
03-12-20 14:03:94:19.00G:Start process()
03-12-20 14:03:94:19.00G:Reestablishing cloud AMQP connection [E|F|G]
03-12-20 14:04:196:19.00G:Reestablishing cloud AMQP connection [E|F|G]
03-12-20 14:04:198:19.00G:Start process()
03-12-20 14:04:198:19.00G:Reestablishing cloud AMQP connection [E|F|G]
03-12-20 14:04:301:19.00G:Reestablishing cloud AMQP connection [E|F|G]
03-12-20 14:04:302:19.00G:Start process()
03-12-20 14:04:302:19.00G:Reestablishing cloud AMQP connection [E|F|G]
03-12-20 14:05:406:19.00G:Reestablishing cloud AMQP connection [E|F|G]
03-12-20 14:05:407:19.00G:Start process()
03-12-20 14:05:408:19.00G:Reestablishing cloud AMQP connection [E|F|G]
03-12-20 14:05:510:19.00G:Reestablishing cloud AMQP connection [E|F|G]
03-12-20 14:05:512:19.00G:Start process()
03-12-20 14:05:512:19.00G:Reestablishing cloud AMQP connection [E|F|G]
03-12-20 14:06:615:19.00G:Reestablishing cloud AMQP connection [E|F|G]
03-12-20 14:06:616:19.00G:Start process()
03-12-20 14:06:617:19.00G:Reestablishing cloud AMQP connection [E|F|G]
03-12-20 14:06:719:19.00G:Reestablishing cloud AMQP connection [E|F|G]
03-12-20 14:06:720:19.00G:Start process()
03-12-20 14:06:721:19.00G:Reestablishing cloud AMQP connection [E|F|G]
03-12-20 14:07:824:19.00G:Reestablishing cloud AMQP connection [E|F|G]
03-12-20 14:07:825:19.00G:Start process()
03-12-20 14:07:825:19.00G:Reestablishing cloud AMQP connection [E|F|G]
03-12-20 14:07:929:19.00G:Reestablishing cloud AMQP connection [E|F|G]
03-12-20 14:07:931:19.00G:Start process()
03-12-20 14:07:931:19.00G:Reestablishing cloud AMQP connection [E|F|G]
03-12-20 14:08:33:19.00G:Reestablishing cloud AMQP connection [E|F|G]
03-12-20 14:08:34:19.00G:Start process()
03-12-20 14:08:35:19.00G:Reestablishing cloud AMQP connection [E|F|G]
03-12-20 14:08:138:19.00G:Reestablishing cloud AMQP connection [E|F|G]
03-12-20 14:08:140:19.00G:Start process()
03-12-20 14:08:140:19.00G:Reestablishing cloud AMQP connection [E|F|G]
03-12-20 14:09:243:19.00G:Reestablishing cloud AMQP connection [E|F|G]
03-12-20 14:09:244:19.00G:Start process()
03-12-20 14:09:245:19.00G:Reestablishing cloud AMQP connection [E|F|G]
03-12-20 14:09:347:19.00G:Reestablishing cloud AMQP connection [E|F|G]
03-12-20 14:09:348:19.00G:Start process()
03-12-20 14:09:349:19.00G:Reestablishing cloud AMQP connection [E|F|G]
03-12-20 14:10:451:19.00G:Reestablishing cloud AMQP connection [E|F|G]
03-12-20 14:10:452:19.00G:Start process()
03-12-20 14:10:453:19.00G:Reestablishing cloud AMQP connection [E|F|G]
03-12-20 14:10:556:19.00G:Reestablishing cloud AMQP connection [E|F|G]
03-12-20 14:10:557:19.00G:Start process()
03-12-20 14:10:558:19.00G:Reestablishing cloud AMQP connection [E|F|G]
03-12-20 14:11:660:19.00G:Reestablishing cloud AMQP connection [E|F|G]
03-12-20 14:11:661:19.00G:Start process()
03-12-20 14:11:662:19.00G:Reestablishing cloud AMQP connection [E|F|G]
03-12-20 14:11:764:19.00G:Reestablishing cloud AMQP connection [E|F|G]
03-12-20 14:11:765:19.00G:Start process()
03-12-20 14:11:766:19.00G:Reestablishing cloud AMQP connection [E|F|G]
03-12-20 14:12:869:19.00G:Reestablishing cloud AMQP connection [E|F|G]
03-12-20 14:12:870:19.00G:Start process()
03-12-20 14:12:871:19.00G:Reestablishing cloud AMQP connection [E|F|G]
03-12-20 14:12:973:19.00G:Reestablishing cloud AMQP connection [E|F|G]
03-12-20 14:12:975:19.00G:Start process()
03-12-20 14:12:976:19.00G:Reestablishing cloud AMQP connection [E|F|G]
03-12-20 14:13:79:19.00G:Reestablishing cloud AMQP connection [E|F|G]
03-12-20 14:13:80:19.00G:Start process()
03-12-20 14:13:81:19.00G:Reestablishing cloud AMQP connection [E|F|G]
03-12-20 14:13:183:19.00G:Reestablishing cloud AMQP connection [E|F|G]
03-12-20 14:13:184:19.00G:Start process()
03-12-20 14:13:185:19.00G:Reestablishing cloud AMQP connection [E|F|G]
03-12-20 14:14:287:19.00G:Reestablishing cloud AMQP connection [E|F|G]
03-12-20 14:14:288:19.00G:Start process()
03-12-20 14:14:289:19.00G:Reestablishing cloud AMQP connection [E|F|G]
03-12-20 14:14:392:19.00G:Reestablishing cloud AMQP connection [E|F|G]
03-12-20 14:14:393:19.00G:Start process()
03-12-20 14:14:394:19.00G:Reestablishing cloud AMQP connection [E|F|G]
03-12-20 14:15:496:19.00G:Reestablishing cloud AMQP connection [E|F|G]
03-12-20 14:15:498:19.00G:Start process()
03-12-20 14:15:499:19.00G:Reestablishing cloud AMQP connection [E|F|G]
03-12-20 14:15:603:19.00G:Reestablishing cloud AMQP connection [E|F|G]
03-12-20 14:15:604:19.00G:Start process()
03-12-20 14:15:604:19.00G:Reestablishing cloud AMQP connection [E|F|G]
03-12-20 14:16:707:19.00G:Reestablishing cloud AMQP connection [E|F|G]
03-12-20 14:16:708:19.00G:Start process()
03-12-20 14:16:709:19.00G:Reestablishing cloud AMQP connection [E|F|G]
03-12-20 14:16:811:19.00G:Reestablishing cloud AMQP connection [E|F|G]
03-12-20 14:16:812:19.00G:Start process()
03-12-20 14:16:813:19.00G:Reestablishing cloud AMQP connection [E|F|G]
03-12-20 14:17:916:19.00G:Reestablishing cloud AMQP connection [E|F|G]
03-12-20 14:17:917:19.00G:Start process()
03-12-20 14:17:918:19.00G:Reestablishing cloud AMQP connection [E|F|G]
03-12-20 14:17:20:19.00G:Reestablishing cloud AMQP connection [E|F|G]
03-12-20 14:17:21:19.00G:Start process()
03-12-20 14:17:22:19.00G:Reestablishing cloud AMQP connection [E|F|G]
03-12-20 14:18:125:19.00G:Reestablishing cloud AMQP connection [E|F|G]
03-12-20 14:18:126:19.00G:Start process()
03-12-20 14:18:127:19.00G:Reestablishing cloud AMQP connection [E|F|G]
03-12-20 14:18:229:19.00G:Reestablishing cloud AMQP connection [E|F|G]
03-12-20 14:18:230:19.00G:Start process()
03-12-20 14:18:231:19.00G:Reestablishing cloud AMQP connection [E|F|G]
03-12-20 14:19:333:19.00G:Reestablishing cloud AMQP connection [E|F|G]
03-12-20 14:19:334:19.00G:Start process()
03-12-20 14:19:335:19.00G:Reestablishing cloud AMQP connection [E|F|G]
03-12-20 14:19:438:19.00G:Reestablishing cloud AMQP connection [E|F|G]
03-12-20 14:19:439:19.00G:Start process()
03-12-20 14:19:440:19.00G:Reestablishing cloud AMQP connection [E|F|G]
03-12-20 14:20:542:19.00G:Reestablishing cloud AMQP connection [E|F|G]
03-12-20 14:20:544:19.00G:Start process()
03-12-20 14:20:544:19.00G:Reestablishing cloud AMQP connection [E|F|G]
03-12-20 14:20:647:19.00G:Reestablishing cloud AMQP connection [E|F|G]
03-12-20 14:20:648:19.00G:Start process()
03-12-20 14:20:649:19.00G:Reestablishing cloud AMQP connection [E|F|G]
03-12-20 14:21:751:19.00G:Reestablishing cloud AMQP connection [E|F|G]
03-12-20 14:21:752:19.00G:Start process()
03-12-20 14:21:753:19.00G:Reestablishing cloud AMQP connection [E|F|G]
03-12-20 14:21:855:19.00G:Reestablishing cloud AMQP connection [E|F|G]
03-12-20 14:21:856:19.00G:Start process()
03-12-20 14:21:857:19.00G:Reestablishing cloud AMQP connection [E|F|G]
03-12-20 14:22:960:19.00G:Reestablishing cloud AMQP connection [E|F|G]
03-12-20 14:22:962:19.00G:Start process()
03-12-20 14:22:962:19.00G:Reestablishing cloud AMQP connection [E|F|G]
03-12-20 14:22:64:19.00G:Reestablishing cloud AMQP connection [E|F|G]
03-12-20 14:22:66:19.00G:Start process()
03-12-20 14:22:66:19.00G:Reestablishing cloud AMQP connection [E|F|G]
03-12-20 14:23:169:19.00G:Reestablishing cloud AMQP connection [E|F|G]
03-12-20 14:23:170:19.00G:Start process()
03-12-20 14:23:171:19.00G:Reestablishing cloud AMQP connection [E|F|G]
03-12-20 14:23:273:19.00G:Reestablishing cloud AMQP connection [E|F|G]
03-12-20 14:23:275:19.00G:Start process()
03-12-20 14:23:275:19.00G:Reestablishing cloud AMQP connection [E|F|G]
03-12-20 14:24:377:19.00G:Reestablishing cloud AMQP connection [E|F|G]
03-12-20 14:24:378:19.00G:Start process()
03-12-20 14:24:379:19.00G:Reestablishing cloud AMQP connection [E|F|G]
03-12-20 14:24:481:19.00G:Reestablishing cloud AMQP connection [E|F|G]
03-12-20 14:24:483:19.00G:Start process()
03-12-20 14:24:483:19.00G:Reestablishing cloud AMQP connection [E|F|G]
03-12-20 14:25:586:19.00G:Reestablishing cloud AMQP connection [E|F|G]
03-12-20 14:25:587:19.00G:Start process()
03-12-20 14:25:588:19.00G:Reestablishing cloud AMQP connection [E|F|G]
03-12-20 14:25:691:19.00G:Reestablishing cloud AMQP connection [E|F|G]
03-12-20 14:25:692:19.00G:Start process()
03-12-20 14:25:693:19.00G:Reestablishing cloud AMQP connection [E|F|G]
03-12-20 14:26:795:19.00G:Reestablishing cloud AMQP connection [E|F|G]
03-12-20 14:26:796:19.00G:Start process()
03-12-20 14:26:797:19.00G:Reestablishing cloud AMQP connection [E|F|G]
03-12-20 14:26:899:19.00G:Reestablishing cloud AMQP connection [E|F|G]
03-12-20 14:26:901:19.00G:Start process()
03-12-20 14:26:901:19.00G:Reestablishing cloud AMQP connection [E|F|G]
03-12-20 14:27:04:19.00G:Reestablishing cloud AMQP connection [E|F|G]
03-12-20 14:27:05:19.00G:Start process()
03-12-20 14:27:06:19.00G:Reestablishing cloud AMQP connection [E|F|G]
03-12-20 14:27:108:19.00G:Reestablishing cloud AMQP connection [E|F|G]
03-12-20 14:27:109:19.00G:Start process()
03-12-20 14:27:110:19.00G:Reestablishing cloud AMQP connection [E|F|G]
03-12-20 14:28:213:19.00G:Reestablishing cloud AMQP connection [E|F|G]
03-12-20 14:28:214:19.00G:Start process()
03-12-20 14:28:214:19.00G:Reestablishing cloud AMQP connection [E|F|G]
03-12-20 14:28:317:19.00G:Reestablishing cloud AMQP connection [E|F|G]
03-12-20 14:28:318:19.00G:Start process()
03-12-20 14:28:319:19.00G:Reestablishing cloud AMQP connection [E|F|G]
03-12-20 14:29:420:19.00G:Reestablishing cloud AMQP connection [E|F|G]
03-12-20 14:29:421:19.00G:Start process()
03-12-20 14:29:422:19.00G:Reestablishing cloud AMQP connection [E|F|G]
03-12-20 14:29:525:19.00G:Reestablishing cloud AMQP connection [E|F|G]
03-12-20 14:29:527:19.00G:Start process()
03-12-20 14:29:527:19.00G:Reestablishing cloud AMQP connection [E|F|G]
03-12-20 14:30:629:19.00G:Reestablishing cloud AMQP connection [E|F|G]
03-12-20 14:30:630:19.00G:Start process()
03-12-20 14:30:631:19.00G:Reestablishing cloud AMQP connection [E|F|G]
03-12-20 14:30:734:19.00G:Reestablishing cloud AMQP connection [E|F|G]
03-12-20 14:30:735:19.00G:Start process()
03-12-20 14:30:736:19.00G:Reestablishing cloud AMQP connection [E|F|G]
03-12-20 14:31:837:19.00G:Reestablishing cloud AMQP connection [E|F|G]
03-12-20 14:31:838:19.00G:Start process()
03-12-20 14:31:839:19.00G:Reestablishing cloud AMQP connection [E|F|G]
03-12-20 14:31:941:19.00G:Reestablishing cloud AMQP connection [E|F|G]
03-12-20 14:31:942:19.00G:Start process()
03-12-20 14:31:943:19.00G:Reestablishing cloud AMQP connection [E|F|G]
03-12-20 14:32:46:19.00G:Reestablishing cloud AMQP connection [E|F|G]
03-12-20 14:32:47:19.00G:Start process()
03-12-20 14:32:48:19.00G:Reestablishing cloud AMQP connection [E|F|G]
03-12-20 14:32:150:19.00G:Reestablishing cloud AMQP connection [E|F|G]
03-12-20 14:32:151:19.00G:Start process()
03-12-20 14:32:152:19.00G:Reestablishing cloud AMQP connection [E|F|G]
03-12-20 14:33:254:19.00G:Reestablishing cloud AMQP connection [E|F|G]
03-12-20 14:33:256:19.00G:Start process()
03-12-20 14:33:256:19.00G:Reestablishing cloud AMQP connection [E|F|G]
03-12-20 14:33:360:19.00G:Reestablishing cloud AMQP connection [E|F|G]
03-12-20 14:33:361:19.00G:Start process()
03-12-20 14:33:361:19.00G:Reestablishing cloud AMQP connection [E|F|G]
03-12-20 14:34:464:19.00G:Reestablishing cloud AMQP connection [E|F|G]
03-12-20 14:34:465:19.00G:Start process()
03-12-20 14:34:466:19.00G:Reestablishing cloud AMQP connection [E|F|G]
03-12-20 14:34:568:19.00G:Reestablishing cloud AMQP connection [E|F|G]
03-12-20 14:34:569:19.00G:Start process()
03-12-20 14:34:570:19.00G:Reestablishing cloud AMQP connection [E|F|G]
03-12-20 14:35:673:19.00G:Reestablishing cloud AMQP connection [E|F|G]
03-12-20 14:35:675:19.00G:Start process()
03-12-20 14:35:675:19.00G:Reestablishing cloud AMQP connection [E|F|G]
03-12-20 14:35:777:19.00G:Reestablishing cloud AMQP connection [E|F|G]
03-12-20 14:35:778:19.00G:Start process()
03-12-20 14:35:779:19.00G:Reestablishing cloud AMQP connection [E|F|G]
03-12-20 14:36:882:19.00G:Reestablishing cloud AMQP connection [E|F|G]
03-12-20 14:36:883:19.00G:Start process()
03-12-20 14:36:883:19.00G:Reestablishing cloud AMQP connection [E|F|G]
03-12-20 14:36:986:19.00G:Reestablishing cloud AMQP connection [E|F|G]
03-12-20 14:36:987:19.00G:Start process()
03-12-20 14:36:989:19.00G:Reestablishing cloud AMQP connection [E|F|G]
03-12-20 14:37:91:19.00G:Reestablishing cloud AMQP connection [E|F|G]
03-12-20 14:37:92:19.00G:Start process()
03-12-20 14:37:93:19.00G:Reestablishing cloud AMQP connection [E|F|G]
03-12-20 14:37:196:19.00G:Reestablishing cloud AMQP connection [E|F|G]
03-12-20 14:37:197:19.00G:Start process()
03-12-20 14:37:198:19.00G:Reestablishing cloud AMQP connection [E|F|G]
03-12-20 14:38:299:19.00G:Reestablishing cloud AMQP connection [E|F|G]
03-12-20 14:38:300:19.00G:Start process()
03-12-20 14:38:301:19.00G:Reestablishing cloud AMQP connection [E|F|G]
03-12-20 14:38:403:19.00G:Reestablishing cloud AMQP connection [E|F|G]
03-12-20 14:38:404:19.00G:Start process()
03-12-20 14:38:405:19.00G:Reestablishing cloud AMQP connection [E|F|G]
03-12-20 14:39:507:19.00G:Reestablishing cloud AMQP connection [E|F|G]
03-12-20 14:39:507:19.00G:Start process()
03-12-20 14:39:508:19.00G:Reestablishing cloud AMQP connection [E|F|G]
03-12-20 14:39:611:19.00G:Reestablishing cloud AMQP connection [E|F|G]
03-12-20 14:39:612:19.00G:Start process()
03-12-20 14:39:613:19.00G:Reestablishing cloud AMQP connection [E|F|G]
03-12-20 14:40:715:19.00G:Reestablishing cloud AMQP connection [E|F|G]
03-12-20 14:40:716:19.00G:Start process()
03-12-20 14:40:717:19.00G:Reestablishing cloud AMQP connection [E|F|G]
03-12-20 14:40:820:19.00G:Reestablishing cloud AMQP connection [E|F|G]
03-12-20 14:40:821:19.00G:Start process()
03-12-20 14:40:822:19.00G:Reestablishing cloud AMQP connection [E|F|G]
03-12-20 14:41:924:19.00G:Reestablishing cloud AMQP connection [E|F|G]
03-12-20 14:41:925:19.00G:Start process()
03-12-20 14:41:926:19.00G:Reestablishing cloud AMQP connection [E|F|G]
03-12-20 14:41:29:19.00G:Reestablishing cloud AMQP connection [E|F|G]
03-12-20 14:41:30:19.00G:Start process()
03-12-20 14:41:30:19.00G:Reestablishing cloud AMQP connection [E|F|G]
03-12-20 14:42:132:19.00G:Reestablishing cloud AMQP connection [E|F|G]
03-12-20 14:42:133:19.00G:Start process()
03-12-20 14:42:134:19.00G:Reestablishing cloud AMQP connection [E|F|G]
03-12-20 14:42:236:19.00G:Reestablishing cloud AMQP connection [E|F|G]
03-12-20 14:42:237:19.00G:Start process()
03-12-20 14:42:238:19.00G:Reestablishing cloud AMQP connection [E|F|G]
03-12-20 14:43:340:19.00G:Reestablishing cloud AMQP connection [E|F|G]
03-12-20 14:43:341:19.00G:Start process()
03-12-20 14:43:342:19.00G:Reestablishing cloud AMQP connection [E|F|G]
03-12-20 14:43:444:19.00G:Reestablishing cloud AMQP connection [E|F|G]
03-12-20 14:43:445:19.00G:Start process()
03-12-20 14:43:446:19.00G:Reestablishing cloud AMQP connection [E|F|G]
03-12-20 14:44:548:19.00G:Reestablishing cloud AMQP connection [E|F|G]
03-12-20 14:44:549:19.00G:Start process()
03-12-20 14:44:550:19.00G:Reestablishing cloud AMQP connection [E|F|G]
03-12-20 14:44:651:19.00G:Reestablishing cloud AMQP connection [E|F|G]
03-12-20 14:44:652:19.00G:Start process()
03-12-20 14:44:653:19.00G:Reestablishing cloud AMQP connection [E|F|G]
03-12-20 14:45:755:19.00G:Reestablishing cloud AMQP connection [E|F|G]
03-12-20 14:45:757:19.00G:Start process()
03-12-20 14:45:757:19.00G:Reestablishing cloud AMQP connection [E|F|G]
03-12-20 14:45:860:19.00G:Reestablishing cloud AMQP connection [E|F|G]
03-12-20 14:45:861:19.00G:Start process()
03-12-20 14:45:862:19.00G:Reestablishing cloud AMQP connection [E|F|G]
03-12-20 14:46:964:19.00G:Reestablishing cloud AMQP connection [E|F|G]
03-12-20 14:46:965:19.00G:Start process()
03-12-20 14:46:966:19.00G:Reestablishing cloud AMQP connection [E|F|G]
03-12-20 14:47:69:19.00G:Reestablishing cloud AMQP connection [E|F|G]
03-12-20 14:47:70:19.00G:Start process()
03-12-20 14:47:71:19.00G:Reestablishing cloud AMQP connection [E|F|G]
08-02-21 07:32:143:19.00G:fixKeyLength
08-02-21 07:32:164:19.00G:lag
08-02-21 07:33:469:19.00G:lag
08-02-21 07:34:473:19.00G:fixKeyLength
28-06-21 08:59:862:19.00G:fixKeyLength
28-06-21 08:59:878:19.00G:lag
28-06-21 09:08:495:19.00G:lag
28-06-21 09:08:500:19.00G:fixKeyLength
28-06-21 10:30:04:19.00G:lag
28-06-21 10:30:08:19.00G:fixKeyLength
20-08-21 09:33:432:19.00G:lag
20-08-21 09:33:437:19.00G:fixKeyLength
22-08-21 20:46:619:19.00G:fixKeyLength
22-08-21 20:46:636:19.00G:lag
22-08-21 20:52:927:19.00G:lag
22-08-21 20:52:931:19.00G:fixKeyLength
23-08-21 07:35:685:19.00G:fixKeyLength
23-08-21 07:35:705:19.00G:lag
23-08-21 07:35:921:19.00G:fixKeyLength
23-08-21 07:35:939:19.00G:lag
24-08-21 16:56:254:19.00G:lag
24-08-21 16:56:258:19.00G:fixKeyLength
24-08-21 19:15:522:19.00G:fixKeyLength
24-08-21 19:15:538:19.00G:lag
24-08-21 19:25:752:19.00G:fixKeyLength
24-08-21 19:25:770:19.00G:lag
24-08-21 19:51:116:19.00G:lag
24-08-21 19:51:121:19.00G:fixKeyLength
02-05-22 09:31:785:19.00G:fixKeyLength
02-05-22 09:31:801:19.00G:lag
02-05-22 09:39:753:19.00G:fixKeyLength
02-05-22 09:39:769:19.00G:lag
02-05-22 09:41:755:19.00G:fixKeyLength
02-05-22 09:41:771:19.00G:lag
02-05-22 09:42:231:19.00G:lag
02-05-22 09:42:235:19.00G:fixKeyLength
02-05-22 09:55:901:19.00G:fixKeyLength
02-05-22 09:55:918:19.00G:lag
02-05-22 09:58:593:19.00G:lag
02-05-22 09:59:597:19.00G:fixKeyLength
02-05-22 10:26:287:19.00G:fixKeyLength
02-05-22 10:26:303:19.00G:lag
02-05-22 10:30:673:19.00G:lag
02-05-22 10:30:678:19.00G:fixKeyLength
02-05-22 10:39:741:19.00G:lag
02-05-22 10:39:746:19.00G:fixKeyLength
02-05-22 16:27:926:19.00G:fixKeyLength
02-05-22 16:27:941:19.00G:lag
31-05-22 01:22:958:19.00G:lag
31-05-22 01:23:963:19.00G:fixKeyLength
31-05-22 04:08:827:19.00G:lag
31-05-22 04:08:831:19.00G:fixKeyLength
31-05-22 04:08:739:19.00G:lag
31-05-22 04:08:743:19.00G:fixKeyLength
31-05-22 19:31:231:19.00G:lag
31-05-22 19:31:236:19.00G:fixKeyLength
31-05-22 19:35:586:19.00G:lag
31-05-22 19:35:591:19.00G:fixKeyLength
31-05-22 19:37:397:19.00G:fixKeyLength
31-05-22 19:37:416:19.00G:lag
31-05-22 19:39:547:19.00G:lag
31-05-22 19:39:552:19.00G:fixKeyLength
